<?xml version="1.0" encoding="UTF-8"?>
<testsuite xmlns:xsi="http://www.w3.org/2001/XMLSchema-instance" xsi:noNamespaceSchemaLocation="https://maven.apache.org/surefire/maven-surefire-plugin/xsd/surefire-test-report-3.0.xsd" version="3.0" name="runners.TestRunner" time="253.031" tests="11" errors="0" skipped="0" failures="0">
  <properties>
[...]
</properties>
  <testcase name="User could register with valid data" classname="user should be able to create new account" time="22.435"/>
  <testcase name="user login with valid email and password" classname="user should be able to login to the system" time="15.272"/>
  <testcase name="Logged User could search for any product" classname="user should be able to login to the systems and earch for any product" time="15.306"/>
  <testcase name="Logged User could switch between currencies US-Euro" classname="user should be able to login to the systems and switch between currencies US-Euro" time="16.434"/>
  <testcase name="Logged user could select different Categories" classname="user should be able to login to the systems and select different Categories" time="15.239"/>
  <testcase name="Logged user could filter with color" classname="user should be able to login to the systems and filter with color" time="16.29"/>
  <testcase name="Logged user could select different tags" classname="user should be able to login to the systems and  select different tags" time="17.015"/>
  <testcase name="Logged user could add different products to Shopping cart" classname="user should be able to login to the systems and add different products to Shopping cart" time="28.142"/>
  <testcase name="Logged user could add different products to Wishlist" classname="user should be able to login to the systems and add different products to Wishlist" time="27.183"/>
  <testcase name="Logged user could add different products to compare list" classname="user should be able to login to the systems and add different products to compare list #1" time="26.573"/>
  <testcase name="Logged user could add different products to compare list" classname="user should be able to login to the systems and add different products to compare list #2" time="49.936"/>
</testsuite>